00000000000i[      ] Bochs x86 Emulator 2.6.8
00000000000i[      ]   Built from SVN snapshot on May 3, 2015
00000000000i[      ] Compiled on May  3 2015 at 10:02:21
00000000000i[      ] System configuration
00000000000i[      ]   processors: 1 (cores=1, HT threads=1)
00000000000i[      ]   A20 line support: yes
00000000000i[      ] IPS is set to 4000000
00000000000i[      ] CPU configuration
00000000000i[      ]   SMP support: no
00000000000i[      ]   Using pre-defined CPU configuration: p4_willamette
00000000000i[      ] Optimization configuration
00000000000i[      ]   RepeatSpeedups support: yes
00000000000i[      ]   Fast function calls: yes
00000000000i[      ]   Handlers Chaining speedups: yes
00000000000i[      ] Devices configuration
00000000000i[      ]   NE2000 support: yes
00000000000i[      ]   PCI support: yes, enabled=yes
00000000000i[      ]   SB16 support: yes
00000000000i[      ]   USB support: yes
00000000000i[      ]   VGA extension support: vbe cirrus voodoo
00000000000i[MEM0  ] allocated memory at 02500020. after alignment, vector=02501000
00000000000i[MEM0  ] 32.00MB
00000000000i[MEM0  ] mem block size = 0x00100000, blocks=32
00000000000i[MEM0  ] rom at 0xfffe0000/131072 ('C:\Program Files\Bochs-2.6.8/BIOS-bochs-latest')
00000000000i[SNDLOW] Sound lowlevel module 'win' initialized
00000000000i[SNDCTL] Installed sound driver 'win' at index #0
00000000000i[PLUGIN] init_dev of 'pci' plugin device by virtual method
00000000000i[DEV   ] i440FX PMC present at device 0, function 0
00000000000i[PLUGIN] init_dev of 'pci2isa' plugin device by virtual method
00000000000i[DEV   ] PIIX3 PCI-to-ISA bridge present at device 1, function 0
00000000000i[PLUGIN] init_dev of 'cmos' plugin device by virtual method
00000000000i[CMOS  ] Using local time for initial clock
00000000000i[CMOS  ] Setting initial clock to: Sun May 22 17:55:38 2016 (time0=1463961338)
00000000000i[PLUGIN] init_dev of 'dma' plugin device by virtual method
00000000000i[DMA   ] channel 4 used by cascade
00000000000i[PLUGIN] init_dev of 'pic' plugin device by virtual method
00000000000i[PLUGIN] init_dev of 'pit' plugin device by virtual method
00000000000i[PLUGIN] init_dev of 'vga' plugin device by virtual method
00000000000i[MEM0  ] Register memory access handlers: 0x0000000a0000 - 0x0000000bffff
00000000000i[VGA   ] interval=200000, mode=realtime
00000000000i[MEM0  ] Register memory access handlers: 0x0000e0000000 - 0x0000e0ffffff
00000000000i[BXVGA ] VBE Bochs Display Extension Enabled
00000000000i[WINGUI] Desktop Window dimensions: 1440 x 900
00000000000i[WINGUI] Number of Mouse Buttons = 8
00000000000i[WINGUI] IME disabled
00000000000i[MEM0  ] rom at 0xc0000/41472 ('C:\Program Files\Bochs-2.6.8/VGABIOS-lgpl-latest')
00000000000i[PLUGIN] init_dev of 'floppy' plugin device by virtual method
00000000000i[DMA   ] channel 2 used by Floppy Drive
00000000000i[FLOPPY] fd0: 'floppy.img' ro=0, h=2,t=80,spt=18
00000000000i[PLUGIN] init_dev of 'acpi' plugin device by virtual method
00000000000i[DEV   ] ACPI Controller present at device 1, function 3
00000000000i[PLUGIN] init_dev of 'ioapic' plugin device by virtual method
00000000000i[IOAPIC] initializing I/O APIC
00000000000i[MEM0  ] Register memory access handlers: 0x0000fec00000 - 0x0000fec00fff
00000000000i[IOAPIC] IOAPIC enabled (base address = 0xfec00000)
00000000000i[PLUGIN] init_dev of 'keyboard' plugin device by virtual method
00000000000i[KBD   ] will paste characters every 400 keyboard ticks
00000000000i[PLUGIN] init_dev of 'harddrv' plugin device by virtual method
00000000000i[HD    ] Using boot sequence floppy, none, none
00000000000i[HD    ] Floppy boot signature check is enabled
00000000000i[PLUGIN] init_dev of 'pci_ide' plugin device by virtual method
00000000000i[DEV   ] PIIX3 PCI IDE controller present at device 1, function 1
00000000000i[PLUGIN] init_dev of 'unmapped' plugin device by virtual method
00000000000i[PLUGIN] init_dev of 'biosdev' plugin device by virtual method
00000000000i[PLUGIN] init_dev of 'speaker' plugin device by virtual method
00000000000i[PCSPK ] Using lowlevel sound support for output
00000000000i[PLUGIN] init_dev of 'extfpuirq' plugin device by virtual method
00000000000i[PLUGIN] init_dev of 'parallel' plugin device by virtual method
00000000000i[PAR   ] parallel port 1 at 0x0378 irq 7
00000000000i[PLUGIN] init_dev of 'serial' plugin device by virtual method
00000000000i[SER   ] com1 at 0x03f8 irq 4 (mode: null)
00000000000i[PLUGIN] init_dev of 'gameport' plugin device by virtual method
00000000000i[PLUGIN] init_dev of 'usb_uhci' plugin device by virtual method
00000000000i[DEV   ] USB UHCI present at device 1, function 2
00000000000i[UHCI  ] USB UHCI initialized
00000000000i[PLUGIN] register state of 'pci' plugin device by virtual method
00000000000i[PLUGIN] register state of 'pci2isa' plugin device by virtual method
00000000000i[PLUGIN] register state of 'cmos' plugin device by virtual method
00000000000i[PLUGIN] register state of 'dma' plugin device by virtual method
00000000000i[PLUGIN] register state of 'pic' plugin device by virtual method
00000000000i[PLUGIN] register state of 'pit' plugin device by virtual method
00000000000i[PLUGIN] register state of 'vga' plugin device by virtual method
00000000000i[PLUGIN] register state of 'floppy' plugin device by virtual method
00000000000i[PLUGIN] register state of 'unmapped' plugin device by virtual method
00000000000i[PLUGIN] register state of 'biosdev' plugin device by virtual method
00000000000i[PLUGIN] register state of 'speaker' plugin device by virtual method
00000000000i[PLUGIN] register state of 'extfpuirq' plugin device by virtual method
00000000000i[PLUGIN] register state of 'parallel' plugin device by virtual method
00000000000i[PLUGIN] register state of 'serial' plugin device by virtual method
00000000000i[PLUGIN] register state of 'gameport' plugin device by virtual method
00000000000i[PLUGIN] register state of 'usb_uhci' plugin device by virtual method
00000000000i[PLUGIN] register state of 'acpi' plugin device by virtual method
00000000000i[PLUGIN] register state of 'ioapic' plugin device by virtual method
00000000000i[PLUGIN] register state of 'keyboard' plugin device by virtual method
00000000000i[PLUGIN] register state of 'harddrv' plugin device by virtual method
00000000000i[PLUGIN] register state of 'pci_ide' plugin device by virtual method
00000000000i[SYS   ] bx_pc_system_c::Reset(HARDWARE) called
00000000000i[CPU0  ] cpu hardware reset
00000000000i[APIC0 ] allocate APIC id=0 (MMIO enabled) to 0x0000fee00000
00000000000i[CPU0  ] CPUID[0x00000000]: 00000002 756e6547 6c65746e 49656e69
00000000000i[CPU0  ] CPUID[0x00000001]: 00000f12 00010800 00000000 1febfbff
00000000000i[CPU0  ] CPUID[0x00000002]: 665b5001 00000000 00000000 007a7040
00000000000i[PLUGIN] reset of 'pci' plugin device by virtual method
00000000000i[PLUGIN] reset of 'pci2isa' plugin device by virtual method
00000000000i[PLUGIN] reset of 'cmos' plugin device by virtual method
00000000000i[PLUGIN] reset of 'dma' plugin device by virtual method
00000000000i[PLUGIN] reset of 'pic' plugin device by virtual method
00000000000i[PLUGIN] reset of 'pit' plugin device by virtual method
00000000000i[PLUGIN] reset of 'vga' plugin device by virtual method
00000000000i[PLUGIN] reset of 'floppy' plugin device by virtual method
00000000000i[PLUGIN] reset of 'acpi' plugin device by virtual method
00000000000i[PLUGIN] reset of 'ioapic' plugin device by virtual method
00000000000i[PLUGIN] reset of 'keyboard' plugin device by virtual method
00000000000i[PLUGIN] reset of 'harddrv' plugin device by virtual method
00000000000i[PLUGIN] reset of 'pci_ide' plugin device by virtual method
00000000000i[PLUGIN] reset of 'unmapped' plugin device by virtual method
00000000000i[PLUGIN] reset of 'biosdev' plugin device by virtual method
00000000000i[PLUGIN] reset of 'speaker' plugin device by virtual method
00000000000i[PLUGIN] reset of 'extfpuirq' plugin device by virtual method
00000000000i[PLUGIN] reset of 'parallel' plugin device by virtual method
00000000000i[PLUGIN] reset of 'serial' plugin device by virtual method
00000000000i[PLUGIN] reset of 'gameport' plugin device by virtual method
00000000000i[PLUGIN] reset of 'usb_uhci' plugin device by virtual method
00000004634i[BIOS  ] $Revision: 12579 $ $Date: 2014-12-26 11:31:39 +0100 (Fr, 26. Dez 2014) $
00000318038i[KBD   ] reset-disable command received
00000320732i[BIOS  ] Starting rombios32
00000321175i[BIOS  ] Shutdown flag 0
00000321738i[BIOS  ] ram_size=0x02000000
00000322194i[BIOS  ] ram_end=32MB
00000633668i[WINGUI] dimension update x=720 y=400 fontheight=16 fontwidth=9 bpp=8
00001150754i[BIOS  ] Found 1 cpu(s)
00001165003i[BIOS  ] bios_table_addr: 0x000fa498 end=0x000fcc00
00001492001i[PCI   ] i440FX PMC write to PAM register 59 (TLB Flush)
00001820736i[P2ISA ] PCI IRQ routing: PIRQA# set to 0x0b
00001820762i[P2ISA ] PCI IRQ routing: PIRQB# set to 0x09
00001820762i[P2ISA ] PCI IRQ routing: PIRQC# set to 0x0b
00001820762i[P2ISA ] PCI IRQ routing: PIRQD# set to 0x09
00001820762i[P2ISA ] write: ELCR2 = 0x0a
00001821449i[BIOS  ] PIIX3/PIIX4 init: elcr=00 0a
00001829002i[BIOS  ] PCI: bus=0 devfn=0x00: vendor_id=0x8086 device_id=0x1237 class=0x0600
00001831246i[BIOS  ] PCI: bus=0 devfn=0x08: vendor_id=0x8086 device_id=0x7000 class=0x0601
00001833364i[BIOS  ] PCI: bus=0 devfn=0x09: vendor_id=0x8086 device_id=0x7010 class=0x0101
00001833911i[PIDE  ] new BM-DMA address: 0xc000
00001834450i[BIOS  ] region 4: 0x0000c000
00001836216i[BIOS  ] PCI: bus=0 devfn=0x0a: vendor_id=0x8086 device_id=0x7020 class=0x0c03
00001836574i[UHCI  ] new base address: 0xc020
00001837277i[BIOS  ] region 4: 0x0000c020
00001837477i[UHCI  ] new irq line = 9
00001839052i[BIOS  ] PCI: bus=0 devfn=0x0b: vendor_id=0x8086 device_id=0x7113 class=0x0680
00001839604i[ACPI  ] new irq line = 11
00001839638i[ACPI  ] new irq line = 9
00001839657i[ACPI  ] new PM base address: 0xb000
00001839657i[ACPI  ] new SM base address: 0xb100
00001839689i[PCI   ] setting SMRAM control register to 0x4a
00002003807i[CPU0  ] Enter to System Management Mode
00002003807i[CPU0  ] enter_system_management_mode: temporary disable VMX while in SMM mode
00002003811i[CPU0  ] RSM: Resuming from System Management Mode
00002167833i[PCI   ] setting SMRAM control register to 0x0a
00002182439i[BIOS  ] MP table addr=0x000fa570 MPC table addr=0x000fa4a0 size=0xc8
00002184421i[BIOS  ] SMBIOS table addr=0x000fa580
00002186392i[BIOS  ] ACPI tables: RSDP addr=0x000fa6a0 ACPI DATA addr=0x01ff0000 size=0xf72
00002189794i[BIOS  ] Firmware waking vector 0x1ff00cc
00002191736i[PCI   ] i440FX PMC write to PAM register 59 (TLB Flush)
00002192317i[BIOS  ] bios_table_cur_addr: 0x000fa6c4
00002320074i[VBIOS ] VGABios $Id: vgabios.c,v 1.76 2013/02/10 08:07:03 vruppert Exp $
00002320159i[BXVGA ] VBE known Display Interface b0c0
00002320178i[BXVGA ] VBE known Display Interface b0c5
00002323102i[VBIOS ] VBE Bios $Id: vbe.c,v 1.65 2014/07/08 18:02:25 vruppert Exp $
00014918926i[BIOS  ] Booting from 0000:7c00
00022075904i[FLOPPY] controller reset in software
00022076252i[FLOPPY] io_write: config control register: 0x00
00022186350e[FLOPPY] port 0x3f5: no results to read
00022187020i[BXVGA ] VBE set xres (800)
00022187053i[BXVGA ] VBE set yres (600)
00022187086i[BXVGA ] VBE set bpp (32)
00022187118i[BXVGA ] VBE enabling x 800, y 600, bpp 32, 1920000 bytes visible
00022187118i[WINGUI] dimension update x=800 y=600 fontheight=0 fontwidth=0 bpp=32
00663192000i[WINGUI] system RESET callback
00663192000i[SYS   ] bx_pc_system_c::Reset(HARDWARE) called
00663192000i[CPU0  ] cpu hardware reset
00663192000i[APIC0 ] allocate APIC id=0 (MMIO enabled) to 0x0000fee00000
00663192000i[CPU0  ] CPUID[0x00000000]: 00000002 756e6547 6c65746e 49656e69
00663192000i[CPU0  ] CPUID[0x00000001]: 00000f12 00010800 00000000 1febfbff
00663192000i[CPU0  ] CPUID[0x00000002]: 665b5001 00000000 00000000 007a7040
00663192000i[PLUGIN] reset of 'pci' plugin device by virtual method
00663192000i[PLUGIN] reset of 'pci2isa' plugin device by virtual method
00663192000i[PLUGIN] reset of 'cmos' plugin device by virtual method
00663192000i[PLUGIN] reset of 'dma' plugin device by virtual method
00663192000i[PLUGIN] reset of 'pic' plugin device by virtual method
00663192000i[PLUGIN] reset of 'pit' plugin device by virtual method
00663192000i[PLUGIN] reset of 'vga' plugin device by virtual method
00663192000i[PLUGIN] reset of 'floppy' plugin device by virtual method
00663192000i[PLUGIN] reset of 'acpi' plugin device by virtual method
00663192000i[PLUGIN] reset of 'ioapic' plugin device by virtual method
00663192000i[PLUGIN] reset of 'keyboard' plugin device by virtual method
00663192000i[PLUGIN] reset of 'harddrv' plugin device by virtual method
00663192000i[PLUGIN] reset of 'pci_ide' plugin device by virtual method
00663192000i[PLUGIN] reset of 'unmapped' plugin device by virtual method
00663192000i[PLUGIN] reset of 'biosdev' plugin device by virtual method
00663192000i[PLUGIN] reset of 'speaker' plugin device by virtual method
00663192000i[PLUGIN] reset of 'extfpuirq' plugin device by virtual method
00663192000i[PLUGIN] reset of 'parallel' plugin device by virtual method
00663192000i[PLUGIN] reset of 'serial' plugin device by virtual method
00663192000i[PLUGIN] reset of 'gameport' plugin device by virtual method
00663192000i[PLUGIN] reset of 'usb_uhci' plugin device by virtual method
00663196641i[BIOS  ] $Revision: 12579 $ $Date: 2014-12-26 11:31:39 +0100 (Fr, 26. Dez 2014) $
00663510045i[KBD   ] reset-disable command received
00663512739i[BIOS  ] Starting rombios32
00663513182i[BIOS  ] Shutdown flag 0
00663513745i[BIOS  ] ram_size=0x02000000
00663514201i[BIOS  ] ram_end=32MB
00664428351i[BIOS  ] Found 1 cpu(s)
00664442415i[BIOS  ] bios_table_addr: 0x000fa498 end=0x000fcc00
00664770003i[PCI   ] i440FX PMC write to PAM register 59 (TLB Flush)
00665098333i[P2ISA ] PCI IRQ routing: PIRQA# set to 0x0b
00665098359i[P2ISA ] PCI IRQ routing: PIRQB# set to 0x09
00665098359i[P2ISA ] PCI IRQ routing: PIRQC# set to 0x0b
00665098359i[P2ISA ] PCI IRQ routing: PIRQD# set to 0x09
00665098359i[P2ISA ] write: ELCR2 = 0x0a
00665099046i[BIOS  ] PIIX3/PIIX4 init: elcr=00 0a
00665106564i[BIOS  ] PCI: bus=0 devfn=0x00: vendor_id=0x8086 device_id=0x1237 class=0x0600
00665109003i[BIOS  ] PCI: bus=0 devfn=0x08: vendor_id=0x8086 device_id=0x7000 class=0x0601
00665111001i[BIOS  ] PCI: bus=0 devfn=0x09: vendor_id=0x8086 device_id=0x7010 class=0x0101
00665112047i[BIOS  ] region 4: 0x0000c000
00665114003i[BIOS  ] PCI: bus=0 devfn=0x0a: vendor_id=0x8086 device_id=0x7020 class=0x0c03
00665114874i[BIOS  ] region 4: 0x0000c020
00665115074i[UHCI  ] new irq line = 9
00665116824i[BIOS  ] PCI: bus=0 devfn=0x0b: vendor_id=0x8086 device_id=0x7113 class=0x0680
00665117201i[ACPI  ] new irq line = 11
00665117235i[ACPI  ] new irq line = 9
00665117286i[PCI   ] setting SMRAM control register to 0x4a
00665281404i[CPU0  ] Enter to System Management Mode
00665281404i[CPU0  ] enter_system_management_mode: temporary disable VMX while in SMM mode
00665281408i[CPU0  ] RSM: Resuming from System Management Mode
00665445430i[PCI   ] setting SMRAM control register to 0x0a
00665460036i[BIOS  ] MP table addr=0x000fa570 MPC table addr=0x000fa4a0 size=0xc8
00665462018i[BIOS  ] SMBIOS table addr=0x000fa580
00665464004i[BIOS  ] ACPI tables: RSDP addr=0x000fa6a0 ACPI DATA addr=0x01ff0000 size=0xf72
00665467391i[BIOS  ] Firmware waking vector 0x1ff00cc
00665469333i[PCI   ] i440FX PMC write to PAM register 59 (TLB Flush)
00665470004i[BIOS  ] bios_table_cur_addr: 0x000fa6c4
00665597671i[VBIOS ] VGABios $Id: vgabios.c,v 1.76 2013/02/10 08:07:03 vruppert Exp $
00665597756i[BXVGA ] VBE known Display Interface b0c0
00665597775i[BXVGA ] VBE known Display Interface b0c5
00665600699i[VBIOS ] VBE Bios $Id: vbe.c,v 1.65 2014/07/08 18:02:25 vruppert Exp $
00665600878i[BXVGA ] VBE disabling
00678006919i[BIOS  ] Booting from 0000:7c00
00678213024i[WINGUI] dimension update x=720 y=400 fontheight=16 fontwidth=9 bpp=8
00685163890i[FLOPPY] controller reset in software
00685164238i[FLOPPY] io_write: config control register: 0x00
00685274336e[FLOPPY] port 0x3f5: no results to read
00685275006i[BXVGA ] VBE set xres (800)
00685275039i[BXVGA ] VBE set yres (600)
00685275072i[BXVGA ] VBE set bpp (32)
00685275104i[BXVGA ] VBE enabling x 800, y 600, bpp 32, 1920000 bytes visible
00685275104i[WINGUI] dimension update x=800 y=600 fontheight=0 fontwidth=0 bpp=32
00880728000p[WINGUI] >>PANIC<< POWER button turned off.
00880728000i[CPU0  ] CPU is in protected mode (active)
00880728000i[CPU0  ] CS.mode = 32 bit
00880728000i[CPU0  ] SS.mode = 32 bit
00880728000i[CPU0  ] EFER   = 0x00000000
00880728000i[CPU0  ] | EAX=00300000  EBX=00000000  ECX=0003dfc7  EDX=00d80000
00880728000i[CPU0  ] | ESP=e0001fcc  EBP=e0001fd8  ESI=00000000  EDI=00000000
00880728000i[CPU0  ] | IOPL=0 id vip vif ac vm rf nt of df IF tf sf zf af pf cf
00880728000i[CPU0  ] | SEG sltr(index|ti|rpl)     base    limit G D
00880728000i[CPU0  ] |  CS:0008( 0001| 0|  0) 00000000 ffffffff 1 1
00880728000i[CPU0  ] |  DS:0010( 0002| 0|  0) 00000000 ffffffff 1 1
00880728000i[CPU0  ] |  SS:0010( 0002| 0|  0) 00000000 ffffffff 1 1
00880728000i[CPU0  ] |  ES:0010( 0002| 0|  0) 00000000 ffffffff 1 1
00880728000i[CPU0  ] |  FS:0010( 0002| 0|  0) 00000000 ffffffff 1 1
00880728000i[CPU0  ] |  GS:0010( 0002| 0|  0) 00000000 ffffffff 1 1
00880728000i[CPU0  ] | EIP=c0000930 (c0000930)
00880728000i[CPU0  ] | CR0=0xe0000011 CR2=0x00000000
00880728000i[CPU0  ] | CR3=0x00012000 CR4=0x00000000
00880728000i[CPU0  ] 0x00000000c0000930>> mov edx, dword ptr ss:[ebp-12] : 8B55F4
00880728000i[CMOS  ] Last time is 1463961557 (Sun May 22 17:59:17 2016)
00880728000i[      ] restoring default signal behavior
00880728000i[SIM   ] quit_sim called with exit code 1
