Build started 11/05/2016 08:32:00 p.m..
     1>Project "C:\Documents and Settings\Jorge Fernandez\Desktop\Sistemas Operativos I\2016-ii-1272-so1-osdevseries-jorgefer00\tutorial19\SysCore\Keyboard\Keyboard.vcxproj" on node 2 (build target(s)).
     1>InitializeBuildStatus:
         Creating "Debug\Keyboard.unsuccessfulbuild" because "AlwaysCreate" was specified.
       ClCompile:
         C:\Program Files\Microsoft Visual Studio 10.0\VC\bin\CL.exe /c /I..\Include\ /Zi /nologo /W4 /WX- /O2 /Oy /D ARCH_X86 /X /Gm- /EHsc /MD /Zp1 /GS- /fp:precise /Zc:wchar_t /Zc:forScope /GR- /Fo"Debug\\" /Fd"Debug\vc100.pdb" /Gd /TP /analyze- /errorReport:prompt kybrd.cpp
         kybrd.cpp
     1>kybrd.cpp(260): warning C4127: conditional expression is constant
     1>kybrd.cpp(277): warning C4127: conditional expression is constant
     1>kybrd.cpp(485): warning C4806: '|' : unsafe operation: no value of type 'bool' promoted to type 'int' can equal the given constant
     1>kybrd.cpp(485): warning C4806: '&' : unsafe operation: no value of type 'bool' promoted to type 'int' can equal the given constant
     1>kybrd.cpp(486): warning C4806: '|' : unsafe operation: no value of type 'bool' promoted to type 'int' can equal the given constant
     1>kybrd.cpp(486): warning C4806: '&' : unsafe operation: no value of type 'bool' promoted to type 'int' can equal the given constant
     1>kybrd.cpp(645): warning C4127: conditional expression is constant
       Lib:
         C:\Program Files\Microsoft Visual Studio 10.0\VC\bin\Lib.exe /OUT:"C:\Documents and Settings\Jorge Fernandez\Desktop\Sistemas Operativos I\2016-ii-1272-so1-osdevseries-jorgefer00\tutorial19\SysCore\Debug\Keyboard.lib" /NOLOGO Debug\kybrd.obj
         Keyboard.vcxproj -> C:\Documents and Settings\Jorge Fernandez\Desktop\Sistemas Operativos I\2016-ii-1272-so1-osdevseries-jorgefer00\tutorial19\SysCore\Debug\Keyboard.lib
       FinalizeBuildStatus:
         Deleting file "Debug\Keyboard.unsuccessfulbuild".
         Touching "Debug\Keyboard.lastbuildstate".
     1>Done Building Project "C:\Documents and Settings\Jorge Fernandez\Desktop\Sistemas Operativos I\2016-ii-1272-so1-osdevseries-jorgefer00\tutorial19\SysCore\Keyboard\Keyboard.vcxproj" (build target(s)).

Build succeeded.

Time Elapsed 00:00:02.26
