Build started 10/05/2016 08:25:24 p.m..
     1>Project "C:\Documents and Settings\Jorge Fernandez\Desktop\Sistemas Operativos I\2016-ii-1272-so1-osdevseries-jorgefer00\tutorial14\SysCore\Lib\Lib.vcxproj" on node 2 (rebuild target(s)).
     1>_PrepareForClean:
         Deleting file "Debug\Lib.lastbuildstate".
       InitializeBuildStatus:
         Creating "Debug\Lib.unsuccessfulbuild" because "AlwaysCreate" was specified.
       ClCompile:
         C:\Program Files\Microsoft Visual Studio 10.0\VC\bin\CL.exe /c /I..\Include\ /Zi /nologo /W1 /WX- /O2 /Oy- /D ARCH_X86 /X /Gm- /MD /Zp1 /GS- /fp:precise /Zc:wchar_t /Zc:forScope /Fo"Debug\\" /Fd"Debug\vc100.pdb" /Gd /TP /analyze- /errorReport:prompt cstd.cpp string.cpp
         cstd.cpp
         string.cpp
         Generating Code...
       Lib:
         C:\Program Files\Microsoft Visual Studio 10.0\VC\bin\Lib.exe /OUT:"C:\Documents and Settings\Jorge Fernandez\Desktop\Sistemas Operativos I\2016-ii-1272-so1-osdevseries-jorgefer00\tutorial14\SysCore\Debug\Lib.lib" /NOLOGO Debug\cstd.obj
         Debug\string.obj
         Lib.vcxproj -> C:\Documents and Settings\Jorge Fernandez\Desktop\Sistemas Operativos I\2016-ii-1272-so1-osdevseries-jorgefer00\tutorial14\SysCore\Debug\Lib.lib
       FinalizeBuildStatus:
         Deleting file "Debug\Lib.unsuccessfulbuild".
         Touching "Debug\Lib.lastbuildstate".
     1>Done Building Project "C:\Documents and Settings\Jorge Fernandez\Desktop\Sistemas Operativos I\2016-ii-1272-so1-osdevseries-jorgefer00\tutorial14\SysCore\Lib\Lib.vcxproj" (rebuild target(s)).

Build succeeded.

Time Elapsed 00:00:00.84
