Build started 22/05/2016 10:45:18 a.m..
     1>Project "C:\Documents and Settings\Jorge Fernandez\Desktop\Sistemas Operativos I\2016-ii-1272-so1-osdevseries-jorgefer00\tutorial21\SysCore\Lib\Lib.vcxproj" on node 2 (build target(s)).
     1>InitializeBuildStatus:
         Creating "Debug\Lib.unsuccessfulbuild" because "AlwaysCreate" was specified.
       ClCompile:
         C:\Program Files\Microsoft Visual Studio 10.0\VC\bin\CL.exe /c /I..\Include\ /Zi /nologo /W4 /WX- /O2 /Oy /D ARCH_X86 /X /Gm- /MD /Zp1 /GS- /fp:precise /Zc:wchar_t /Zc:forScope /GR- /Fo"Debug\\" /Fd"Debug\vc100.pdb" /Gd /TP /analyze- /errorReport:prompt cstd.cpp stdio.cpp string.cpp
         cstd.cpp
         stdio.cpp
     1>C:\Documents and Settings\Jorge Fernandez\Desktop\Sistemas Operativos I\2016-ii-1272-so1-osdevseries-jorgefer00\tutorial21\SysCore\Include\ctype.h(39): warning C4005: 'isascii' : macro redefinition
                 C:\Documents and Settings\Jorge Fernandez\Desktop\Sistemas Operativos I\2016-ii-1272-so1-osdevseries-jorgefer00\tutorial21\SysCore\Include\ctype.h(28) : see previous definition of 'isascii'
     1>stdio.cpp(137): warning C4146: unary minus operator applied to unsigned type, result still unsigned
     1>stdio.cpp(161): warning C4146: unary minus operator applied to unsigned type, result still unsigned
     1>stdio.cpp(224): warning C4146: unary minus operator applied to unsigned type, result still unsigned
         string.cpp
         Generating Code...
       Lib:
         C:\Program Files\Microsoft Visual Studio 10.0\VC\bin\Lib.exe /OUT:"C:\Documents and Settings\Jorge Fernandez\Desktop\Sistemas Operativos I\2016-ii-1272-so1-osdevseries-jorgefer00\tutorial21\SysCore\Debug\Lib.lib" /NOLOGO Debug\cstd.obj
         Debug\stdio.obj
         Debug\string.obj
         Lib.vcxproj -> C:\Documents and Settings\Jorge Fernandez\Desktop\Sistemas Operativos I\2016-ii-1272-so1-osdevseries-jorgefer00\tutorial21\SysCore\Debug\Lib.lib
       FinalizeBuildStatus:
         Deleting file "Debug\Lib.unsuccessfulbuild".
         Touching "Debug\Lib.lastbuildstate".
     1>Done Building Project "C:\Documents and Settings\Jorge Fernandez\Desktop\Sistemas Operativos I\2016-ii-1272-so1-osdevseries-jorgefer00\tutorial21\SysCore\Lib\Lib.vcxproj" (build target(s)).

Build succeeded.

Time Elapsed 00:00:00.93
