Build started 22/05/2016 11:20:14 a.m..
     1>Project "C:\Documents and Settings\Jorge Fernandez\Desktop\Sistemas Operativos I\2016-ii-1272-so1-osdevseries-jorgefer00\tutorial25\SysCore\Kernel\Kernel.vcxproj" on node 3 (build target(s)).
     1>InitializeBuildStatus:
         Creating "Debug\Kernel.unsuccessfulbuild" because "AlwaysCreate" was specified.
       ClCompile:
         C:\Program Files\Microsoft Visual Studio 10.0\VC\bin\CL.exe /c /I..\Include\ /I..\Keyboard /I..\FloppyDisk /nologo /W4 /WX- /Od /Oy /D ARCH_X86 /X /GF- /Gm- /MD /Zp1 /GS- /fp:precise /Zc:wchar_t /Zc:forScope /GR- /Fo"Debug\\" /Fd"Debug\vc100.pdb" /Gd /TP /analyze- /errorReport:prompt entry.cpp main.cpp DebugDisplay.cpp exception.cpp fsys.cpp mmngr_phys.cpp mmngr_virtual.cpp panic.cpp sysapi.cpp task.cpp vmmngr_pde.cpp vmmngr_pte.cpp /Oy 
         entry.cpp
         main.cpp
     1>main.cpp(211): warning C4018: '<' : signed/unsigned mismatch
     1>main.cpp(212): warning C4018: '<' : signed/unsigned mismatch
     1>main.cpp(220): warning C4127: conditional expression is constant
     1>main.cpp(236): warning C4127: conditional expression is constant
     1>main.cpp(252): warning C4127: conditional expression is constant
         DebugDisplay.cpp
     1>DebugDisplay.cpp(62): warning C4189: 'cursorLocation' : local variable is initialized but not referenced
         exception.cpp
         fsys.cpp
         mmngr_phys.cpp
     1>mmngr_phys.cpp(93): warning C4800: 'uint32_t' : forcing value to bool 'true' or 'false' (performance warning)
         mmngr_virtual.cpp
         panic.cpp
         sysapi.cpp
         task.cpp
     1>task.cpp(425): warning C4127: conditional expression is constant
     1>task.cpp(568): warning C4100: 'space' : unreferenced formal parameter
         vmmngr_pde.cpp
     1>vmmngr_pde.cpp(60): warning C4800: 'pd_entry' : forcing value to bool 'true' or 'false' (performance warning)
     1>vmmngr_pde.cpp(68): warning C4800: 'pd_entry' : forcing value to bool 'true' or 'false' (performance warning)
     1>vmmngr_pde.cpp(72): warning C4800: 'pd_entry' : forcing value to bool 'true' or 'false' (performance warning)
     1>vmmngr_pde.cpp(75): warning C4100: 'e' : unreferenced formal parameter
         vmmngr_pte.cpp
     1>vmmngr_pte.cpp(60): warning C4800: 'pt_entry' : forcing value to bool 'true' or 'false' (performance warning)
         Generating Code...
     1>c:\documents and settings\jorge fernandez\desktop\sistemas operativos i\2016-ii-1272-so1-osdevseries-jorgefer00\tutorial25\syscore\kernel\exception.cpp(131): warning C4731: 'page_fault' : frame pointer register 'ebp' modified by inline assembly code
       ResourceCompile:
         C:\Program Files\Microsoft SDKs\Windows\v7.0A\bin\rc.exe /l"0x0409" /nologo /fo"Debug\Resource.res" Resource.rc 
       Link:
         C:\Program Files\Microsoft Visual Studio 10.0\VC\bin\link.exe /ERRORREPORT:PROMPT /OUT:"C:\Documents and Settings\Jorge Fernandez\Desktop\Sistemas Operativos I\2016-ii-1272-so1-osdevseries-jorgefer00\tutorial25\SysCore\Debug\Kernel.exe" /INCREMENTAL:NO /NOLOGO /LIBPATH:..\Lib\ /LIBPATH:..\debug\ keyboard.lib floppydisk.lib fat12.lib /NODEFAULTLIB /MANIFEST:NO /PDB:"C:\Documents and Settings\Jorge Fernandez\Desktop\Sistemas Operativos I\2016-ii-1272-so1-osdevseries-jorgefer00\tutorial25\SysCore\Debug\Kernel.pdb" /MAP:"Kernel.map" /SUBSYSTEM:NATIVE /Driver /OPT:REF /OPT:ICF /TLBID:1 /ENTRY:"kernel_entry" /BASE:"0xC0000000" /FIXED:NO /IMPLIB:"C:\Documents and Settings\Jorge Fernandez\Desktop\Sistemas Operativos I\2016-ii-1272-so1-osdevseries-jorgefer00\tutorial25\SysCore\Debug\Kernel.lib" /MACHINE:X86 Debug\Resource.res
         Debug\entry.obj
         Debug\main.obj
         Debug\DebugDisplay.obj
         Debug\exception.obj
         Debug\fsys.obj
         Debug\mmngr_phys.obj
         Debug\mmngr_virtual.obj
         Debug\panic.obj
         Debug\sysapi.obj
         Debug\task.obj
         Debug\vmmngr_pde.obj
         Debug\vmmngr_pte.obj
         "C:\Documents and Settings\Jorge Fernandez\Desktop\Sistemas Operativos I\2016-ii-1272-so1-osdevseries-jorgefer00\tutorial25\SysCore\Debug\Lib.lib"
         "C:\Documents and Settings\Jorge Fernandez\Desktop\Sistemas Operativos I\2016-ii-1272-so1-osdevseries-jorgefer00\tutorial25\SysCore\Debug\Hal.lib" /ALIGN:512 /ignore:4254 
         Kernel.vcxproj -> C:\Documents and Settings\Jorge Fernandez\Desktop\Sistemas Operativos I\2016-ii-1272-so1-osdevseries-jorgefer00\tutorial25\SysCore\Debug\Kernel.exe
       FinalizeBuildStatus:
         Deleting file "Debug\Kernel.unsuccessfulbuild".
         Touching "Debug\Kernel.lastbuildstate".
     1>Done Building Project "C:\Documents and Settings\Jorge Fernandez\Desktop\Sistemas Operativos I\2016-ii-1272-so1-osdevseries-jorgefer00\tutorial25\SysCore\Kernel\Kernel.vcxproj" (build target(s)).

Build succeeded.

Time Elapsed 00:00:01.29
