00000000000i[      ] Bochs x86 Emulator 2.6.8
00000000000i[      ]   Built from SVN snapshot on May 3, 2015
00000000000i[      ] Compiled on May  3 2015 at 10:02:21
00000000000i[      ] System configuration
00000000000i[      ]   processors: 1 (cores=1, HT threads=1)
00000000000i[      ]   A20 line support: yes
00000000000i[      ] IPS is set to 4000000
00000000000i[      ] CPU configuration
00000000000i[      ]   SMP support: no
00000000000i[      ]   Using pre-defined CPU configuration: p4_willamette
00000000000i[      ] Optimization configuration
00000000000i[      ]   RepeatSpeedups support: yes
00000000000i[      ]   Fast function calls: yes
00000000000i[      ]   Handlers Chaining speedups: yes
00000000000i[      ] Devices configuration
00000000000i[      ]   NE2000 support: yes
00000000000i[      ]   PCI support: yes, enabled=yes
00000000000i[      ]   SB16 support: yes
00000000000i[      ]   USB support: yes
00000000000i[      ]   VGA extension support: vbe cirrus voodoo
00000000000i[MEM0  ] allocated memory at 02500020. after alignment, vector=02501000
00000000000i[MEM0  ] 32.00MB
00000000000i[MEM0  ] mem block size = 0x00100000, blocks=32
00000000000i[MEM0  ] rom at 0xfffe0000/131072 ('C:\Program Files\Bochs-2.6.8/BIOS-bochs-latest')
00000000000i[SNDLOW] Sound lowlevel module 'win' initialized
00000000000i[SNDCTL] Installed sound driver 'win' at index #0
00000000000i[PLUGIN] init_dev of 'pci' plugin device by virtual method
00000000000i[DEV   ] i440FX PMC present at device 0, function 0
00000000000i[PLUGIN] init_dev of 'pci2isa' plugin device by virtual method
00000000000i[DEV   ] PIIX3 PCI-to-ISA bridge present at device 1, function 0
00000000000i[PLUGIN] init_dev of 'cmos' plugin device by virtual method
00000000000i[CMOS  ] Using local time for initial clock
00000000000i[CMOS  ] Setting initial clock to: Sun May 22 10:55:13 2016 (time0=1463936113)
00000000000i[PLUGIN] init_dev of 'dma' plugin device by virtual method
00000000000i[DMA   ] channel 4 used by cascade
00000000000i[PLUGIN] init_dev of 'pic' plugin device by virtual method
00000000000i[PLUGIN] init_dev of 'pit' plugin device by virtual method
00000000000i[PLUGIN] init_dev of 'vga' plugin device by virtual method
00000000000i[MEM0  ] Register memory access handlers: 0x0000000a0000 - 0x0000000bffff
00000000000i[VGA   ] interval=200000, mode=realtime
00000000000i[MEM0  ] Register memory access handlers: 0x0000e0000000 - 0x0000e0ffffff
00000000000i[BXVGA ] VBE Bochs Display Extension Enabled
00000000000i[WINGUI] Desktop Window dimensions: 1440 x 900
00000000000i[WINGUI] Number of Mouse Buttons = 8
00000000000i[WINGUI] IME disabled
00000000000i[MEM0  ] rom at 0xc0000/41472 ('C:\Program Files\Bochs-2.6.8/VGABIOS-lgpl-latest')
00000000000i[PLUGIN] init_dev of 'floppy' plugin device by virtual method
00000000000i[DMA   ] channel 2 used by Floppy Drive
00000000000i[FLOPPY] fd0: 'floppy.img' ro=0, h=2,t=80,spt=18
00000000000i[PLUGIN] init_dev of 'acpi' plugin device by virtual method
00000000000i[DEV   ] ACPI Controller present at device 1, function 3
00000000000i[PLUGIN] init_dev of 'ioapic' plugin device by virtual method
00000000000i[IOAPIC] initializing I/O APIC
00000000000i[MEM0  ] Register memory access handlers: 0x0000fec00000 - 0x0000fec00fff
00000000000i[IOAPIC] IOAPIC enabled (base address = 0xfec00000)
00000000000i[PLUGIN] init_dev of 'keyboard' plugin device by virtual method
00000000000i[KBD   ] will paste characters every 400 keyboard ticks
00000000000i[PLUGIN] init_dev of 'harddrv' plugin device by virtual method
00000000000i[HD    ] Using boot sequence floppy, none, none
00000000000i[HD    ] Floppy boot signature check is enabled
00000000000i[PLUGIN] init_dev of 'pci_ide' plugin device by virtual method
00000000000i[DEV   ] PIIX3 PCI IDE controller present at device 1, function 1
00000000000i[PLUGIN] init_dev of 'unmapped' plugin device by virtual method
00000000000i[PLUGIN] init_dev of 'biosdev' plugin device by virtual method
00000000000i[PLUGIN] init_dev of 'speaker' plugin device by virtual method
00000000000i[PCSPK ] Using lowlevel sound support for output
00000000000i[PLUGIN] init_dev of 'extfpuirq' plugin device by virtual method
00000000000i[PLUGIN] init_dev of 'parallel' plugin device by virtual method
00000000000i[PAR   ] parallel port 1 at 0x0378 irq 7
00000000000i[PLUGIN] init_dev of 'serial' plugin device by virtual method
00000000000i[SER   ] com1 at 0x03f8 irq 4 (mode: null)
00000000000i[PLUGIN] init_dev of 'gameport' plugin device by virtual method
00000000000i[PLUGIN] init_dev of 'usb_uhci' plugin device by virtual method
00000000000i[DEV   ] USB UHCI present at device 1, function 2
00000000000i[UHCI  ] USB UHCI initialized
00000000000i[PLUGIN] register state of 'pci' plugin device by virtual method
00000000000i[PLUGIN] register state of 'pci2isa' plugin device by virtual method
00000000000i[PLUGIN] register state of 'cmos' plugin device by virtual method
00000000000i[PLUGIN] register state of 'dma' plugin device by virtual method
00000000000i[PLUGIN] register state of 'pic' plugin device by virtual method
00000000000i[PLUGIN] register state of 'pit' plugin device by virtual method
00000000000i[PLUGIN] register state of 'vga' plugin device by virtual method
00000000000i[PLUGIN] register state of 'floppy' plugin device by virtual method
00000000000i[PLUGIN] register state of 'unmapped' plugin device by virtual method
00000000000i[PLUGIN] register state of 'biosdev' plugin device by virtual method
00000000000i[PLUGIN] register state of 'speaker' plugin device by virtual method
00000000000i[PLUGIN] register state of 'extfpuirq' plugin device by virtual method
00000000000i[PLUGIN] register state of 'parallel' plugin device by virtual method
00000000000i[PLUGIN] register state of 'serial' plugin device by virtual method
00000000000i[PLUGIN] register state of 'gameport' plugin device by virtual method
00000000000i[PLUGIN] register state of 'usb_uhci' plugin device by virtual method
00000000000i[PLUGIN] register state of 'acpi' plugin device by virtual method
00000000000i[PLUGIN] register state of 'ioapic' plugin device by virtual method
00000000000i[PLUGIN] register state of 'keyboard' plugin device by virtual method
00000000000i[PLUGIN] register state of 'harddrv' plugin device by virtual method
00000000000i[PLUGIN] register state of 'pci_ide' plugin device by virtual method
00000000000i[SYS   ] bx_pc_system_c::Reset(HARDWARE) called
00000000000i[CPU0  ] cpu hardware reset
00000000000i[APIC0 ] allocate APIC id=0 (MMIO enabled) to 0x0000fee00000
00000000000i[CPU0  ] CPUID[0x00000000]: 00000002 756e6547 6c65746e 49656e69
00000000000i[CPU0  ] CPUID[0x00000001]: 00000f12 00010800 00000000 1febfbff
00000000000i[CPU0  ] CPUID[0x00000002]: 665b5001 00000000 00000000 007a7040
00000000000i[PLUGIN] reset of 'pci' plugin device by virtual method
00000000000i[PLUGIN] reset of 'pci2isa' plugin device by virtual method
00000000000i[PLUGIN] reset of 'cmos' plugin device by virtual method
00000000000i[PLUGIN] reset of 'dma' plugin device by virtual method
00000000000i[PLUGIN] reset of 'pic' plugin device by virtual method
00000000000i[PLUGIN] reset of 'pit' plugin device by virtual method
00000000000i[PLUGIN] reset of 'vga' plugin device by virtual method
00000000000i[PLUGIN] reset of 'floppy' plugin device by virtual method
00000000000i[PLUGIN] reset of 'acpi' plugin device by virtual method
00000000000i[PLUGIN] reset of 'ioapic' plugin device by virtual method
00000000000i[PLUGIN] reset of 'keyboard' plugin device by virtual method
00000000000i[PLUGIN] reset of 'harddrv' plugin device by virtual method
00000000000i[PLUGIN] reset of 'pci_ide' plugin device by virtual method
00000000000i[PLUGIN] reset of 'unmapped' plugin device by virtual method
00000000000i[PLUGIN] reset of 'biosdev' plugin device by virtual method
00000000000i[PLUGIN] reset of 'speaker' plugin device by virtual method
00000000000i[PLUGIN] reset of 'extfpuirq' plugin device by virtual method
00000000000i[PLUGIN] reset of 'parallel' plugin device by virtual method
00000000000i[PLUGIN] reset of 'serial' plugin device by virtual method
00000000000i[PLUGIN] reset of 'gameport' plugin device by virtual method
00000000000i[PLUGIN] reset of 'usb_uhci' plugin device by virtual method
00000004634i[BIOS  ] $Revision: 12579 $ $Date: 2014-12-26 11:31:39 +0100 (Fr, 26. Dez 2014) $
00000318038i[KBD   ] reset-disable command received
00000320732i[BIOS  ] Starting rombios32
00000321175i[BIOS  ] Shutdown flag 0
00000321738i[BIOS  ] ram_size=0x02000000
00000322194i[BIOS  ] ram_end=32MB
00000634600i[WINGUI] dimension update x=720 y=400 fontheight=16 fontwidth=9 bpp=8
00001202354i[BIOS  ] Found 1 cpu(s)
00001216418i[BIOS  ] bios_table_addr: 0x000fa498 end=0x000fcc00
00001544001i[PCI   ] i440FX PMC write to PAM register 59 (TLB Flush)
00001872336i[P2ISA ] PCI IRQ routing: PIRQA# set to 0x0b
00001872362i[P2ISA ] PCI IRQ routing: PIRQB# set to 0x09
00001872362i[P2ISA ] PCI IRQ routing: PIRQC# set to 0x0b
00001872362i[P2ISA ] PCI IRQ routing: PIRQD# set to 0x09
00001872362i[P2ISA ] write: ELCR2 = 0x0a
00001873049i[BIOS  ] PIIX3/PIIX4 init: elcr=00 0a
00001880567i[BIOS  ] PCI: bus=0 devfn=0x00: vendor_id=0x8086 device_id=0x1237 class=0x0600
00001883001i[BIOS  ] PCI: bus=0 devfn=0x08: vendor_id=0x8086 device_id=0x7000 class=0x0601
00001885004i[BIOS  ] PCI: bus=0 devfn=0x09: vendor_id=0x8086 device_id=0x7010 class=0x0101
00001885511i[PIDE  ] new BM-DMA address: 0xc000
00001886050i[BIOS  ] region 4: 0x0000c000
00001888001i[BIOS  ] PCI: bus=0 devfn=0x0a: vendor_id=0x8086 device_id=0x7020 class=0x0c03
00001888174i[UHCI  ] new base address: 0xc020
00001888877i[BIOS  ] region 4: 0x0000c020
00001889077i[UHCI  ] new irq line = 9
00001891002i[BIOS  ] PCI: bus=0 devfn=0x0b: vendor_id=0x8086 device_id=0x7113 class=0x0680
00001891204i[ACPI  ] new irq line = 11
00001891238i[ACPI  ] new irq line = 9
00001891257i[ACPI  ] new PM base address: 0xb000
00001891257i[ACPI  ] new SM base address: 0xb100
00001891289i[PCI   ] setting SMRAM control register to 0x4a
00002055407i[CPU0  ] Enter to System Management Mode
00002055407i[CPU0  ] enter_system_management_mode: temporary disable VMX while in SMM mode
00002055411i[CPU0  ] RSM: Resuming from System Management Mode
00002219433i[PCI   ] setting SMRAM control register to 0x0a
00002234039i[BIOS  ] MP table addr=0x000fa570 MPC table addr=0x000fa4a0 size=0xc8
00002236021i[BIOS  ] SMBIOS table addr=0x000fa580
00002238002i[BIOS  ] ACPI tables: RSDP addr=0x000fa6a0 ACPI DATA addr=0x01ff0000 size=0xf72
00002241394i[BIOS  ] Firmware waking vector 0x1ff00cc
00002243336i[PCI   ] i440FX PMC write to PAM register 59 (TLB Flush)
00002244002i[BIOS  ] bios_table_cur_addr: 0x000fa6c4
00002371674i[VBIOS ] VGABios $Id: vgabios.c,v 1.76 2013/02/10 08:07:03 vruppert Exp $
00002371759i[BXVGA ] VBE known Display Interface b0c0
00002371778i[BXVGA ] VBE known Display Interface b0c5
00002374702i[VBIOS ] VBE Bios $Id: vbe.c,v 1.65 2014/07/08 18:02:25 vruppert Exp $
00014918926i[BIOS  ] Booting from 0000:7c00
00020277538i[FLOPPY] controller reset in software
00020277886i[FLOPPY] io_write: config control register: 0x00
00021154794e[FLOPPY] port 0x3f5: no results to read
03285604000i[WINGUI] system RESET callback
03285604000i[SYS   ] bx_pc_system_c::Reset(HARDWARE) called
03285604000i[CPU0  ] cpu hardware reset
03285604000i[APIC0 ] allocate APIC id=0 (MMIO enabled) to 0x0000fee00000
03285604000i[CPU0  ] CPUID[0x00000000]: 00000002 756e6547 6c65746e 49656e69
03285604000i[CPU0  ] CPUID[0x00000001]: 00000f12 00010800 00000000 1febfbff
03285604000i[CPU0  ] CPUID[0x00000002]: 665b5001 00000000 00000000 007a7040
03285604000i[PLUGIN] reset of 'pci' plugin device by virtual method
03285604000i[PLUGIN] reset of 'pci2isa' plugin device by virtual method
03285604000i[PLUGIN] reset of 'cmos' plugin device by virtual method
03285604000i[PLUGIN] reset of 'dma' plugin device by virtual method
03285604000i[PLUGIN] reset of 'pic' plugin device by virtual method
03285604000i[PLUGIN] reset of 'pit' plugin device by virtual method
03285604000i[PLUGIN] reset of 'vga' plugin device by virtual method
03285604000i[PLUGIN] reset of 'floppy' plugin device by virtual method
03285604000i[PLUGIN] reset of 'acpi' plugin device by virtual method
03285604000i[PLUGIN] reset of 'ioapic' plugin device by virtual method
03285604000i[PLUGIN] reset of 'keyboard' plugin device by virtual method
03285604000i[PLUGIN] reset of 'harddrv' plugin device by virtual method
03285604000i[PLUGIN] reset of 'pci_ide' plugin device by virtual method
03285604000i[PLUGIN] reset of 'unmapped' plugin device by virtual method
03285604000i[PLUGIN] reset of 'biosdev' plugin device by virtual method
03285604000i[PLUGIN] reset of 'speaker' plugin device by virtual method
03285604000i[PLUGIN] reset of 'extfpuirq' plugin device by virtual method
03285604000i[PLUGIN] reset of 'parallel' plugin device by virtual method
03285604000i[PLUGIN] reset of 'serial' plugin device by virtual method
03285604000i[PLUGIN] reset of 'gameport' plugin device by virtual method
03285604000i[PLUGIN] reset of 'usb_uhci' plugin device by virtual method
03285608635i[BIOS  ] $Revision: 12579 $ $Date: 2014-12-26 11:31:39 +0100 (Fr, 26. Dez 2014) $
03285922039i[KBD   ] reset-disable command received
03285924733i[BIOS  ] Starting rombios32
03285925176i[BIOS  ] Shutdown flag 0
03285925739i[BIOS  ] ram_size=0x02000000
03285926195i[BIOS  ] ram_end=32MB
03286863355i[BIOS  ] Found 1 cpu(s)
03286877419i[BIOS  ] bios_table_addr: 0x000fa498 end=0x000fcc00
03287205002i[PCI   ] i440FX PMC write to PAM register 59 (TLB Flush)
03287533337i[P2ISA ] PCI IRQ routing: PIRQA# set to 0x0b
03287533363i[P2ISA ] PCI IRQ routing: PIRQB# set to 0x09
03287533363i[P2ISA ] PCI IRQ routing: PIRQC# set to 0x0b
03287533363i[P2ISA ] PCI IRQ routing: PIRQD# set to 0x09
03287533363i[P2ISA ] write: ELCR2 = 0x0a
03287534050i[BIOS  ] PIIX3/PIIX4 init: elcr=00 0a
03287541568i[BIOS  ] PCI: bus=0 devfn=0x00: vendor_id=0x8086 device_id=0x1237 class=0x0600
03287544002i[BIOS  ] PCI: bus=0 devfn=0x08: vendor_id=0x8086 device_id=0x7000 class=0x0601
03287546000i[BIOS  ] PCI: bus=0 devfn=0x09: vendor_id=0x8086 device_id=0x7010 class=0x0101
03287547051i[BIOS  ] region 4: 0x0000c000
03287549002i[BIOS  ] PCI: bus=0 devfn=0x0a: vendor_id=0x8086 device_id=0x7020 class=0x0c03
03287549878i[BIOS  ] region 4: 0x0000c020
03287550078i[UHCI  ] new irq line = 9
03287552003i[BIOS  ] PCI: bus=0 devfn=0x0b: vendor_id=0x8086 device_id=0x7113 class=0x0680
03287552205i[ACPI  ] new irq line = 11
03287552239i[ACPI  ] new irq line = 9
03287552290i[PCI   ] setting SMRAM control register to 0x4a
03287716408i[CPU0  ] Enter to System Management Mode
03287716408i[CPU0  ] enter_system_management_mode: temporary disable VMX while in SMM mode
03287716412i[CPU0  ] RSM: Resuming from System Management Mode
03287880434i[PCI   ] setting SMRAM control register to 0x0a
03287895040i[BIOS  ] MP table addr=0x000fa570 MPC table addr=0x000fa4a0 size=0xc8
03287897022i[BIOS  ] SMBIOS table addr=0x000fa580
03287899003i[BIOS  ] ACPI tables: RSDP addr=0x000fa6a0 ACPI DATA addr=0x01ff0000 size=0xf72
03287902395i[BIOS  ] Firmware waking vector 0x1ff00cc
03287904337i[PCI   ] i440FX PMC write to PAM register 59 (TLB Flush)
03287905003i[BIOS  ] bios_table_cur_addr: 0x000fa6c4
03288032675i[VBIOS ] VGABios $Id: vgabios.c,v 1.76 2013/02/10 08:07:03 vruppert Exp $
03288032760i[BXVGA ] VBE known Display Interface b0c0
03288032779i[BXVGA ] VBE known Display Interface b0c5
03288035703i[VBIOS ] VBE Bios $Id: vbe.c,v 1.65 2014/07/08 18:02:25 vruppert Exp $
03300418913i[BIOS  ] Booting from 0000:7c00
03305777506i[FLOPPY] controller reset in software
03305777854i[FLOPPY] io_write: config control register: 0x00
03306654768e[FLOPPY] port 0x3f5: no results to read
06946280000i[WINGUI] system RESET callback
06946280000i[SYS   ] bx_pc_system_c::Reset(HARDWARE) called
06946280000i[CPU0  ] cpu hardware reset
06946280000i[APIC0 ] allocate APIC id=0 (MMIO enabled) to 0x0000fee00000
06946280000i[CPU0  ] CPUID[0x00000000]: 00000002 756e6547 6c65746e 49656e69
06946280000i[CPU0  ] CPUID[0x00000001]: 00000f12 00010800 00000000 1febfbff
06946280000i[CPU0  ] CPUID[0x00000002]: 665b5001 00000000 00000000 007a7040
06946280000i[PLUGIN] reset of 'pci' plugin device by virtual method
06946280000i[PLUGIN] reset of 'pci2isa' plugin device by virtual method
06946280000i[PLUGIN] reset of 'cmos' plugin device by virtual method
06946280000i[PLUGIN] reset of 'dma' plugin device by virtual method
06946280000i[PLUGIN] reset of 'pic' plugin device by virtual method
06946280000i[PLUGIN] reset of 'pit' plugin device by virtual method
06946280000i[PLUGIN] reset of 'vga' plugin device by virtual method
06946280000i[PLUGIN] reset of 'floppy' plugin device by virtual method
06946280000i[PLUGIN] reset of 'acpi' plugin device by virtual method
06946280000i[PLUGIN] reset of 'ioapic' plugin device by virtual method
06946280000i[PLUGIN] reset of 'keyboard' plugin device by virtual method
06946280000i[PLUGIN] reset of 'harddrv' plugin device by virtual method
06946280000i[PLUGIN] reset of 'pci_ide' plugin device by virtual method
06946280000i[PLUGIN] reset of 'unmapped' plugin device by virtual method
06946280000i[PLUGIN] reset of 'biosdev' plugin device by virtual method
06946280000i[PLUGIN] reset of 'speaker' plugin device by virtual method
06946280000i[PLUGIN] reset of 'extfpuirq' plugin device by virtual method
06946280000i[PLUGIN] reset of 'parallel' plugin device by virtual method
06946280000i[PLUGIN] reset of 'serial' plugin device by virtual method
06946280000i[PLUGIN] reset of 'gameport' plugin device by virtual method
06946280000i[PLUGIN] reset of 'usb_uhci' plugin device by virtual method
06946284634i[BIOS  ] $Revision: 12579 $ $Date: 2014-12-26 11:31:39 +0100 (Fr, 26. Dez 2014) $
06946598038i[KBD   ] reset-disable command received
06946600732i[BIOS  ] Starting rombios32
06946601175i[BIOS  ] Shutdown flag 0
06946601738i[BIOS  ] ram_size=0x02000000
06946602194i[BIOS  ] ram_end=32MB
06947525354i[BIOS  ] Found 1 cpu(s)
06947539418i[BIOS  ] bios_table_addr: 0x000fa498 end=0x000fcc00
06947867001i[PCI   ] i440FX PMC write to PAM register 59 (TLB Flush)
06948195336i[P2ISA ] PCI IRQ routing: PIRQA# set to 0x0b
06948195362i[P2ISA ] PCI IRQ routing: PIRQB# set to 0x09
06948195362i[P2ISA ] PCI IRQ routing: PIRQC# set to 0x0b
06948195362i[P2ISA ] PCI IRQ routing: PIRQD# set to 0x09
06948195362i[P2ISA ] write: ELCR2 = 0x0a
06948196049i[BIOS  ] PIIX3/PIIX4 init: elcr=00 0a
06948203567i[BIOS  ] PCI: bus=0 devfn=0x00: vendor_id=0x8086 device_id=0x1237 class=0x0600
06948206001i[BIOS  ] PCI: bus=0 devfn=0x08: vendor_id=0x8086 device_id=0x7000 class=0x0601
06948208004i[BIOS  ] PCI: bus=0 devfn=0x09: vendor_id=0x8086 device_id=0x7010 class=0x0101
06948209050i[BIOS  ] region 4: 0x0000c000
06948211001i[BIOS  ] PCI: bus=0 devfn=0x0a: vendor_id=0x8086 device_id=0x7020 class=0x0c03
06948211877i[BIOS  ] region 4: 0x0000c020
06948212077i[UHCI  ] new irq line = 9
06948214002i[BIOS  ] PCI: bus=0 devfn=0x0b: vendor_id=0x8086 device_id=0x7113 class=0x0680
06948214204i[ACPI  ] new irq line = 11
06948214238i[ACPI  ] new irq line = 9
06948214289i[PCI   ] setting SMRAM control register to 0x4a
06948378407i[CPU0  ] Enter to System Management Mode
06948378407i[CPU0  ] enter_system_management_mode: temporary disable VMX while in SMM mode
06948378411i[CPU0  ] RSM: Resuming from System Management Mode
06948542433i[PCI   ] setting SMRAM control register to 0x0a
06948557039i[BIOS  ] MP table addr=0x000fa570 MPC table addr=0x000fa4a0 size=0xc8
06948559021i[BIOS  ] SMBIOS table addr=0x000fa580
06948561002i[BIOS  ] ACPI tables: RSDP addr=0x000fa6a0 ACPI DATA addr=0x01ff0000 size=0xf72
06948564394i[BIOS  ] Firmware waking vector 0x1ff00cc
06948566336i[PCI   ] i440FX PMC write to PAM register 59 (TLB Flush)
06948567002i[BIOS  ] bios_table_cur_addr: 0x000fa6c4
06948694674i[VBIOS ] VGABios $Id: vgabios.c,v 1.76 2013/02/10 08:07:03 vruppert Exp $
06948694759i[BXVGA ] VBE known Display Interface b0c0
06948694778i[BXVGA ] VBE known Display Interface b0c5
06948697702i[VBIOS ] VBE Bios $Id: vbe.c,v 1.65 2014/07/08 18:02:25 vruppert Exp $
06961094922i[BIOS  ] Booting from 0000:7c00
06966453515i[FLOPPY] controller reset in software
06966453863i[FLOPPY] io_write: config control register: 0x00
06967330783e[FLOPPY] port 0x3f5: no results to read
10211628000i[WINGUI] system RESET callback
10211628000i[SYS   ] bx_pc_system_c::Reset(HARDWARE) called
10211628000i[CPU0  ] cpu hardware reset
10211628000i[APIC0 ] allocate APIC id=0 (MMIO enabled) to 0x0000fee00000
10211628000i[CPU0  ] CPUID[0x00000000]: 00000002 756e6547 6c65746e 49656e69
10211628000i[CPU0  ] CPUID[0x00000001]: 00000f12 00010800 00000000 1febfbff
10211628000i[CPU0  ] CPUID[0x00000002]: 665b5001 00000000 00000000 007a7040
10211628000i[PLUGIN] reset of 'pci' plugin device by virtual method
10211628000i[PLUGIN] reset of 'pci2isa' plugin device by virtual method
10211628000i[PLUGIN] reset of 'cmos' plugin device by virtual method
10211628000i[PLUGIN] reset of 'dma' plugin device by virtual method
10211628000i[PLUGIN] reset of 'pic' plugin device by virtual method
10211628000i[PLUGIN] reset of 'pit' plugin device by virtual method
10211628000i[PLUGIN] reset of 'vga' plugin device by virtual method
10211628000i[PLUGIN] reset of 'floppy' plugin device by virtual method
10211628000i[PLUGIN] reset of 'acpi' plugin device by virtual method
10211628000i[PLUGIN] reset of 'ioapic' plugin device by virtual method
10211628000i[PLUGIN] reset of 'keyboard' plugin device by virtual method
10211628000i[PLUGIN] reset of 'harddrv' plugin device by virtual method
10211628000i[PLUGIN] reset of 'pci_ide' plugin device by virtual method
10211628000i[PLUGIN] reset of 'unmapped' plugin device by virtual method
10211628000i[PLUGIN] reset of 'biosdev' plugin device by virtual method
10211628000i[PLUGIN] reset of 'speaker' plugin device by virtual method
10211628000i[PLUGIN] reset of 'extfpuirq' plugin device by virtual method
10211628000i[PLUGIN] reset of 'parallel' plugin device by virtual method
10211628000i[PLUGIN] reset of 'serial' plugin device by virtual method
10211628000i[PLUGIN] reset of 'gameport' plugin device by virtual method
10211628000i[PLUGIN] reset of 'usb_uhci' plugin device by virtual method
10211632635i[BIOS  ] $Revision: 12579 $ $Date: 2014-12-26 11:31:39 +0100 (Fr, 26. Dez 2014) $
10211946039i[KBD   ] reset-disable command received
10211948733i[BIOS  ] Starting rombios32
10211949176i[BIOS  ] Shutdown flag 0
10211949739i[BIOS  ] ram_size=0x02000000
10211950195i[BIOS  ] ram_end=32MB
10212879655i[BIOS  ] Found 1 cpu(s)
10212893719i[BIOS  ] bios_table_addr: 0x000fa498 end=0x000fcc00
10213221002i[PCI   ] i440FX PMC write to PAM register 59 (TLB Flush)
10213549637i[P2ISA ] PCI IRQ routing: PIRQA# set to 0x0b
10213549663i[P2ISA ] PCI IRQ routing: PIRQB# set to 0x09
10213549663i[P2ISA ] PCI IRQ routing: PIRQC# set to 0x0b
10213549663i[P2ISA ] PCI IRQ routing: PIRQD# set to 0x09
10213549663i[P2ISA ] write: ELCR2 = 0x0a
10213550350i[BIOS  ] PIIX3/PIIX4 init: elcr=00 0a
10213558003i[BIOS  ] PCI: bus=0 devfn=0x00: vendor_id=0x8086 device_id=0x1237 class=0x0600
10213560147i[BIOS  ] PCI: bus=0 devfn=0x08: vendor_id=0x8086 device_id=0x7000 class=0x0601
10213562265i[BIOS  ] PCI: bus=0 devfn=0x09: vendor_id=0x8086 device_id=0x7010 class=0x0101
10213563351i[BIOS  ] region 4: 0x0000c000
10213565117i[BIOS  ] PCI: bus=0 devfn=0x0a: vendor_id=0x8086 device_id=0x7020 class=0x0c03
10213566178i[BIOS  ] region 4: 0x0000c020
10213566378i[UHCI  ] new irq line = 9
10213568003i[BIOS  ] PCI: bus=0 devfn=0x0b: vendor_id=0x8086 device_id=0x7113 class=0x0680
10213568505i[ACPI  ] new irq line = 11
10213568539i[ACPI  ] new irq line = 9
10213568590i[PCI   ] setting SMRAM control register to 0x4a
10213732708i[CPU0  ] Enter to System Management Mode
10213732708i[CPU0  ] enter_system_management_mode: temporary disable VMX while in SMM mode
10213732712i[CPU0  ] RSM: Resuming from System Management Mode
10213896734i[PCI   ] setting SMRAM control register to 0x0a
10213911340i[BIOS  ] MP table addr=0x000fa570 MPC table addr=0x000fa4a0 size=0xc8
10213913322i[BIOS  ] SMBIOS table addr=0x000fa580
10213915293i[BIOS  ] ACPI tables: RSDP addr=0x000fa6a0 ACPI DATA addr=0x01ff0000 size=0xf72
10213918695i[BIOS  ] Firmware waking vector 0x1ff00cc
10213920637i[PCI   ] i440FX PMC write to PAM register 59 (TLB Flush)
10213921218i[BIOS  ] bios_table_cur_addr: 0x000fa6c4
10214048975i[VBIOS ] VGABios $Id: vgabios.c,v 1.76 2013/02/10 08:07:03 vruppert Exp $
10214049060i[BXVGA ] VBE known Display Interface b0c0
10214049079i[BXVGA ] VBE known Display Interface b0c5
10214052003i[VBIOS ] VBE Bios $Id: vbe.c,v 1.65 2014/07/08 18:02:25 vruppert Exp $
10226442913i[BIOS  ] Booting from 0000:7c00
10231801506i[FLOPPY] controller reset in software
10231801854i[FLOPPY] io_write: config control register: 0x00
10232678762e[FLOPPY] port 0x3f5: no results to read
10440160000p[WINGUI] >>PANIC<< POWER button turned off.
10440160000i[CPU0  ] CPU is in protected mode (active)
10440160000i[CPU0  ] CS.mode = 32 bit
10440160000i[CPU0  ] SS.mode = 32 bit
10440160000i[CPU0  ] EFER   = 0x00000000
10440160000i[CPU0  ] | EAX=00004012  EBX=00000000  ECX=00008f8c  EDX=00001700
10440160000i[CPU0  ] | ESP=00008f64  EBP=00008f8c  ESI=00004012  EDI=00000000
10440160000i[CPU0  ] | IOPL=0 id vip vif ac vm rf nt of df IF tf sf ZF af PF cf
10440160000i[CPU0  ] | SEG sltr(index|ti|rpl)     base    limit G D
10440160000i[CPU0  ] |  CS:0008( 0001| 0|  0) 00000000 ffffffff 1 1
10440160000i[CPU0  ] |  DS:0010( 0002| 0|  0) 00000000 ffffffff 1 1
10440160000i[CPU0  ] |  SS:0010( 0002| 0|  0) 00000000 ffffffff 1 1
10440160000i[CPU0  ] |  ES:0010( 0002| 0|  0) 00000000 ffffffff 1 1
10440160000i[CPU0  ] |  FS:0010( 0002| 0|  0) 00000000 ffffffff 1 1
10440160000i[CPU0  ] |  GS:0010( 0002| 0|  0) 00000000 ffffffff 1 1
10440160000i[CPU0  ] | EIP=c000061c (c000061c)
10440160000i[CPU0  ] | CR0=0xe0000011 CR2=0x00000000
10440160000i[CPU0  ] | CR3=0x0009c000 CR4=0x00000000
10440160000i[CPU0  ] 0x00000000c000061c>> mov esi, eax : 8BF0
10440160000i[CMOS  ] Last time is 1463938722 (Sun May 22 11:38:42 2016)
10440160000i[      ] restoring default signal behavior
10440160000i[SIM   ] quit_sim called with exit code 1
